Determining if the pthread_create exist failed with the following output:
Change Dir: /home/user1/Zcash/nheqminer/nheqminer/build/CMakeFiles/CMakeTmp

Run Build Command:/usr/bin/make "cmTryCompileExec2452188664/fast"
/usr/bin/make -f CMakeFiles/cmTryCompileExec2452188664.dir/build.make CMakeFiles/cmTryCompileExec2452188664.dir/build
make[1]: Entering directory `/home/user1/Zcash/nheqminer/nheqminer/build/CMakeFiles/CMakeTmp'
/usr/bin/cmake -E cmake_progress_report /home/user1/Zcash/nheqminer/nheqminer/build/CMakeFiles/CMakeTmp/CMakeFiles 1
Building C object CMakeFiles/cmTryCompileExec2452188664.dir/CheckSymbolExists.c.o
/usr/bin/cc   -march=native    -o CMakeFiles/cmTryCompileExec2452188664.dir/CheckSymbolExists.c.o   -c /home/user1/Zcash/nheqminer/nheqminer/build/CMakeFiles/CMakeTmp/CheckSymbolExists.c
Linking C executable cmTryCompileExec2452188664
/usr/bin/cmake -E cmake_link_script CMakeFiles/cmTryCompileExec2452188664.dir/link.txt --verbose=1
/usr/bin/cc   -march=native     CMakeFiles/cmTryCompileExec2452188664.dir/CheckSymbolExists.c.o  -o cmTryCompileExec2452188664 -rdynamic 
CMakeFiles/cmTryCompileExec2452188664.dir/CheckSymbolExists.c.o: In function `main':
CheckSymbolExists.c:(.text+0x16): undefined reference to `pthread_create'
collect2: error: ld returned 1 exit status
make[1]: Leaving directory `/home/user1/Zcash/nheqminer/nheqminer/build/CMakeFiles/CMakeTmp'
make[1]: *** [cmTryCompileExec2452188664] Error 1
make: *** [cmTryCompileExec2452188664/fast] Error 2

File /home/user1/Zcash/nheqminer/nheqminer/build/CMakeFiles/CMakeTmp/CheckSymbolExists.c:
/* */
#include <pthread.h>

int main(int argc, char** argv)
{
  (void)argv;
#ifndef pthread_create
  return ((int*)(&pthread_create))[argc];
#else
  (void)argc;
  return 0;
#endif
}

Determining if the function pthread_create exists in the pthreads failed with the following output:
Change Dir: /home/user1/Zcash/nheqminer/nheqminer/build/CMakeFiles/CMakeTmp

Run Build Command:/usr/bin/make "cmTryCompileExec39548098/fast"
/usr/bin/make -f CMakeFiles/cmTryCompileExec39548098.dir/build.make CMakeFiles/cmTryCompileExec39548098.dir/build
make[1]: Entering directory `/home/user1/Zcash/nheqminer/nheqminer/build/CMakeFiles/CMakeTmp'
/usr/bin/cmake -E cmake_progress_report /home/user1/Zcash/nheqminer/nheqminer/build/CMakeFiles/CMakeTmp/CMakeFiles 1
Building C object CMakeFiles/cmTryCompileExec39548098.dir/CheckFunctionExists.c.o
/usr/bin/cc   -march=native -DCHECK_FUNCTION_EXISTS=pthread_create   -o CMakeFiles/cmTryCompileExec39548098.dir/CheckFunctionExists.c.o   -c /usr/share/cmake-2.8/Modules/CheckFunctionExists.c
Linking C executable cmTryCompileExec39548098
/usr/bin/cmake -E cmake_link_script CMakeFiles/cmTryCompileExec39548098.dir/link.txt --verbose=1
/usr/bin/cc   -march=native -DCHECK_FUNCTION_EXISTS=pthread_create    CMakeFiles/cmTryCompileExec39548098.dir/CheckFunctionExists.c.o  -o cmTryCompileExec39548098 -rdynamic -lpthreads 
/usr/bin/ld: cannot find -lpthreads
collect2: error: ld returned 1 exit status
make[1]: *** [cmTryCompileExec39548098] Error 1
make[1]: Leaving directory `/home/user1/Zcash/nheqminer/nheqminer/build/CMakeFiles/CMakeTmp'
make: *** [cmTryCompileExec39548098/fast] Error 2


